#
# There is insufficient memory for the Java Runtime Environment to continue.
# Native memory allocation (malloc) failed to allocate 344592 bytes for Chunk::new
# Possible reasons:
#   The system is out of physical RAM or swap space
#   In 32 bit mode, the process size limit was hit
# Possible solutions:
#   Reduce memory load on the system
#   Increase physical memory or swap space
#   Check if swap backing store is full
#   Use 64 bit Java on a 64 bit OS
#   Decrease Java heap size (-Xmx/-Xms)
#   Decrease number of Java threads
#   Decrease Java thread stack sizes (-Xss)
#   Set larger code cache with -XX:ReservedCodeCacheSize=
# This output file may be truncated or incomplete.
#
#  Out of Memory Error (allocation.cpp:390), pid=5776, tid=0x0000000000001bec
#
# JRE version: Java(TM) SE Runtime Environment (8.0_144-b01) (build 1.8.0_144-b01)
# Java VM: Java HotSpot(TM) 64-Bit Server VM (25.144-b01 mixed mode windows-amd64 compressed oops)
# Failed to write core dump. Minidumps are not enabled by default on client versions of Windows
#

---------------  T H R E A D  ---------------

Current thread (0x000000001d7ac800):  JavaThread "C2 CompilerThread2" daemon [_thread_in_native, id=7148, stack(0x000000001f550000,0x000000001f650000)]

Stack: [0x000000001f550000,0x000000001f650000]
[error occurred during error reporting (printing stack bounds), id 0xc0000005]

Native frames: (J=compiled Java code, j=interpreted, Vv=VM code, C=native code)


Current CompileTask:
C2:   2042 1900       4       org.codehaus.plexus.util.xml.Xpp3Dom::<init> (123 bytes)


---------------  P R O C E S S  ---------------

Java Threads: ( => current thread )
  0x000000001d7e6800 JavaThread "Service Thread" daemon [_thread_blocked, id=6744, stack(0x000000001f1d0000,0x000000001f2d0000)]
  0x000000001d7b7800 JavaThread "C1 CompilerThread3" daemon [_thread_in_vm, id=7996, stack(0x000000001f720000,0x000000001f820000)]
=>0x000000001d7ac800 JavaThread "C2 CompilerThread2" daemon [_thread_in_native, id=7148, stack(0x000000001f550000,0x000000001f650000)]
  0x000000001d757800 JavaThread "C2 CompilerThread1" daemon [_thread_in_native, id=5372, stack(0x000000001f310000,0x000000001f410000)]
  0x000000001d752800 JavaThread "C2 CompilerThread0" daemon [_thread_in_native, id=5348, stack(0x000000001f0c0000,0x000000001f1c0000)]
  0x000000001d74f000 JavaThread "Attach Listener" daemon [_thread_blocked, id=7576, stack(0x000000001eef0000,0x000000001eff0000)]
  0x000000001d74d800 JavaThread "Signal Dispatcher" daemon [_thread_blocked, id=5304, stack(0x000000001ece0000,0x000000001ede0000)]
  0x000000001c69f000 JavaThread "Finalizer" daemon [_thread_blocked, id=3184, stack(0x000000001eb70000,0x000000001ec70000)]
  0x000000001d703800 JavaThread "Reference Handler" daemon [_thread_blocked, id=5864, stack(0x000000001e9c0000,0x000000001eac0000)]
  0x000000000227f000 JavaThread "main" [_thread_in_Java, id=2532, stack(0x0000000002540000,0x0000000002640000)]

Other Threads:
  0x000000001d702800 VMThread [stack: 0x000000001e840000,0x000000001e940000] [id=5968]
  0x000000001d7f7000 WatcherThread [stack: 0x000000001edf0000,0x000000001eef0000] [id=6088]

VM state:not at safepoint (normal execution)

VM Mutex/Monitor currently owned by a thread: None

Heap:
 PSYoungGen      total 76288K, used 49214K [0x000000076ab00000, 0x0000000770000000, 0x00000007c0000000)
  eden space 65536K, 60% used [0x000000076ab00000,0x000000076d1ab630,0x000000076eb00000)
  from space 10752K, 89% used [0x000000076eb00000,0x000000076f4642c8,0x000000076f580000)
  to   space 10752K, 0% used [0x000000076f580000,0x000000076f580000,0x0000000770000000)
 ParOldGen       total 175104K, used 16K [0x00000006c0000000, 0x00000006cab00000, 0x000000076ab00000)
  object space 175104K, 0% used [0x00000006c0000000,0x00000006c0004000,0x00000006cab00000)
 Metaspace       used 12634K, capacity 12990K, committed 13184K, reserved 1060864K
  class space    used 1528K, capacity 1617K, committed 1664K, reserved 1048576K

Card table byte_map: [0x0000000011cd0000,0x00000000124e0000] byte_map_base: 0x000000000e6d0000

Marking Bits: (ParMarkBitMap*) 0x00000000696dd850
 Begin Bits: [0x00000000134b0000, 0x00000000174b0000)
 End Bits:   [0x00000000174b0000, 0x000000001b4b0000)

Polling page: 0x00000000005c0000

CodeCache: size=245760Kb used=6827Kb max_used=6830Kb free=238932Kb
 bounds [0x0000000002910000, 0x0000000002fd0000, 0x0000000011910000]
 total_blobs=2235 nmethods=1915 adapters=233
 compilation: enabled

Compilation events (10 events):
Event: 2.014 Thread 0x000000001d757800 nmethod 1906 0x0000000002f3bb90 code [0x0000000002f3bcc0, 0x0000000002f3bd58]
Event: 2.015 Thread 0x000000001d7b7800 nmethod 1914 0x0000000002fb0e90 code [0x0000000002fb1240, 0x0000000002fb34f8]
Event: 2.015 Thread 0x000000001d7b7800 1915       3       org.apache.maven.model.ModelBase::setLocation (35 bytes)
Event: 2.016 Thread 0x000000001d7b7800 nmethod 1915 0x0000000002fb0650 code [0x0000000002fb07e0, 0x0000000002fb0c88]
Event: 2.016 Thread 0x000000001d757800 1916   !   4       org.apache.maven.model.interpolation.StringSearchModelInterpolator$InterpolateObjectAction::interpolateMapField (177 bytes)
Event: 2.025 Thread 0x000000001d7b7800 1920       3       java.util.AbstractMap::hashCode (43 bytes)
Event: 2.025 Thread 0x000000001d7b7800 nmethod 1920 0x0000000002fafbd0 code [0x0000000002fafda0, 0x0000000002fb0468]
Event: 2.025 Thread 0x000000001d7b7800 1919       3       org.sonatype.aether.resolution.ArtifactDescriptorResult::addManagedDependency (17 bytes)
Event: 2.026 Thread 0x000000001d7b7800 nmethod 1919 0x0000000002faf710 code [0x0000000002faf880, 0x0000000002fafae8]
Event: 2.034 Thread 0x000000001d7b7800 1921       3       java.io.File::<init> (113 bytes)

GC Heap History (2 events):
Event: 1.516 GC heap before
{Heap before GC invocations=1 (full 0):
 PSYoungGen      total 76288K, used 65536K [0x000000076ab00000, 0x0000000770000000, 0x00000007c0000000)
  eden space 65536K, 100% used [0x000000076ab00000,0x000000076eb00000,0x000000076eb00000)
  from space 10752K, 0% used [0x000000076f580000,0x000000076f580000,0x0000000770000000)
  to   space 10752K, 0% used [0x000000076eb00000,0x000000076eb00000,0x000000076f580000)
 ParOldGen       total 175104K, used 0K [0x00000006c0000000, 0x00000006cab00000, 0x000000076ab00000)
  object space 175104K, 0% used [0x00000006c0000000,0x00000006c0000000,0x00000006cab00000)
 Metaspace       used 12227K, capacity 12556K, committed 12928K, reserved 1060864K
  class space    used 1502K, capacity 1582K, committed 1664K, reserved 1048576K
Event: 1.549 GC heap after
Heap after GC invocations=1 (full 0):
 PSYoungGen      total 76288K, used 9616K [0x000000076ab00000, 0x0000000770000000, 0x00000007c0000000)
  eden space 65536K, 0% used [0x000000076ab00000,0x000000076ab00000,0x000000076eb00000)
  from space 10752K, 89% used [0x000000076eb00000,0x000000076f4642c8,0x000000076f580000)
  to   space 10752K, 0% used [0x000000076f580000,0x000000076f580000,0x0000000770000000)
 ParOldGen       total 175104K, used 16K [0x00000006c0000000, 0x00000006cab00000, 0x000000076ab00000)
  object space 175104K, 0% used [0x00000006c0000000,0x00000006c0004000,0x00000006cab00000)
 Metaspace       used 12227K, capacity 12556K, committed 12928K, reserved 1060864K
  class space    used 1502K, capacity 1582K, committed 1664K, reserved 1048576K
}

Deoptimization events (10 events):
Event: 1.819 Thread 0x000000000227f000 Uncommon trap: reason=speculate_class_check action=maybe_recompile pc=0x0000000002f01da4 method=java.nio.charset.CharsetDecoder.decode(Ljava/nio/ByteBuffer;Ljava/nio/CharBuffer;Z)Ljava/nio/charset/CoderResult; @ 57
Event: 1.844 Thread 0x000000000227f000 Uncommon trap: reason=unstable_if action=reinterpret pc=0x0000000002eec400 method=org.codehaus.plexus.util.xml.pull.MXParser.parseAttribute()C @ 983
Event: 1.854 Thread 0x000000000227f000 Uncommon trap: reason=speculate_class_check action=maybe_recompile pc=0x0000000002f1b0f8 method=java.nio.charset.CharsetDecoder.decode(Ljava/nio/ByteBuffer;Ljava/nio/CharBuffer;Z)Ljava/nio/charset/CoderResult; @ 57
Event: 1.854 Thread 0x000000000227f000 Uncommon trap: reason=speculate_class_check action=maybe_recompile pc=0x0000000002f1b0f8 method=java.nio.charset.CharsetDecoder.decode(Ljava/nio/ByteBuffer;Ljava/nio/CharBuffer;Z)Ljava/nio/charset/CoderResult; @ 57
Event: 1.855 Thread 0x000000000227f000 Uncommon trap: reason=speculate_class_check action=maybe_recompile pc=0x0000000002f01da4 method=java.nio.charset.CharsetDecoder.decode(Ljava/nio/ByteBuffer;Ljava/nio/CharBuffer;Z)Ljava/nio/charset/CoderResult; @ 57
Event: 1.870 Thread 0x000000000227f000 Uncommon trap: reason=class_check action=maybe_recompile pc=0x0000000002e1fb6c method=org.apache.maven.model.interpolation.StringSearchModelInterpolator$InterpolateObjectAction.interpolateMapField(Ljava/lang/Object;Ljava/lang/reflect/Field;)V @ 126
Event: 1.870 Thread 0x000000000227f000 Uncommon trap: reason=class_check action=maybe_recompile pc=0x0000000002e1fb6c method=org.apache.maven.model.interpolation.StringSearchModelInterpolator$InterpolateObjectAction.interpolateMapField(Ljava/lang/Object;Ljava/lang/reflect/Field;)V @ 126
Event: 1.893 Thread 0x000000000227f000 Uncommon trap: reason=bimorphic action=maybe_recompile pc=0x0000000002c2d19c method=java.util.HashMap.putVal(ILjava/lang/Object;Ljava/lang/Object;ZZ)Ljava/lang/Object; @ 203
Event: 1.968 Thread 0x000000000227f000 Uncommon trap: reason=class_check action=maybe_recompile pc=0x0000000002e1fb6c method=org.apache.maven.model.interpolation.StringSearchModelInterpolator$InterpolateObjectAction.interpolateMapField(Ljava/lang/Object;Ljava/lang/reflect/Field;)V @ 126
Event: 1.968 Thread 0x000000000227f000 Uncommon trap: reason=class_check action=maybe_recompile pc=0x0000000002e1fb6c method=org.apache.maven.model.interpolation.StringSearchModelInterpolator$InterpolateObjectAction.interpolateMapField(Ljava/lang/Object;Ljava/lang/reflect/Field;)V @ 126

Internal exceptions (10 events):
Event: 0.551 Thread 0x000000000227f000 Exception <a 'java/lang/ArrayIndexOutOfBoundsException'> (0x000000076b883db8) thrown at [C:\re\workspace\8-2-build-windows-amd64-cygwin\jdk8u144\9417\hotspot\src\share\vm\runtime\sharedRuntime.cpp, line 605]
Event: 0.782 Thread 0x000000000227f000 Exception <a 'java/lang/ArrayIndexOutOfBoundsException'> (0x000000076c49ba40) thrown at [C:\re\workspace\8-2-build-windows-amd64-cygwin\jdk8u144\9417\hotspot\src\share\vm\runtime\sharedRuntime.cpp, line 605]
Event: 0.782 Thread 0x000000000227f000 Exception <a 'java/lang/ArrayIndexOutOfBoundsException'> (0x000000076c49dd98) thrown at [C:\re\workspace\8-2-build-windows-amd64-cygwin\jdk8u144\9417\hotspot\src\share\vm\runtime\sharedRuntime.cpp, line 605]
Event: 0.873 Thread 0x000000000227f000 Exception <a 'java/lang/NoClassDefFoundError': org/slf4j/Logger> (0x000000076ca2ac38) thrown at [C:\re\workspace\8-2-build-windows-amd64-cygwin\jdk8u144\9417\hotspot\src\share\vm\classfile\systemDictionary.cpp, line 199]
Event: 0.937 Thread 0x000000000227f000 Exception <a 'java/lang/NoClassDefFoundError': org/slf4j/LoggerFactory> (0x000000076cce54a8) thrown at [C:\re\workspace\8-2-build-windows-amd64-cygwin\jdk8u144\9417\hotspot\src\share\vm\classfile\systemDictionary.cpp, line 199]
Event: 0.937 Thread 0x000000000227f000 Exception <a 'java/lang/NoClassDefFoundError'> (0x000000076cce54a8) thrown at [C:\re\workspace\8-2-build-windows-amd64-cygwin\jdk8u144\9417\hotspot\src\share\vm\oops\instanceKlass.cpp, line 964]
Event: 1.212 Thread 0x000000000227f000 Implicit null exception at 0x0000000002adff9b to 0x0000000002ae0185
Event: 1.609 Thread 0x000000000227f000 Implicit null exception at 0x0000000002e2f96a to 0x0000000002e30c89
Event: 1.624 Thread 0x000000000227f000 Implicit null exception at 0x0000000002ca8d15 to 0x0000000002ca8f19
Event: 1.624 Thread 0x000000000227f000 Implicit null exception at 0x0000000002bfb1ef to 0x0000000002bfb259

Events (10 events):
Event: 1.920 loading class org/sonatype/aether/graph/Dependency$Exclusions$1
Event: 1.920 loading class org/sonatype/aether/graph/Dependency$Exclusions$1 done
Event: 1.968 Thread 0x000000000227f000 Uncommon trap: trap_request=0xffffffde fr.pc=0x0000000002e1fb6c
Event: 1.968 Thread 0x000000000227f000 DEOPT PACKING pc=0x0000000002e1fb6c sp=0x000000000263c200
Event: 1.968 Thread 0x000000000227f000 DEOPT UNPACKING pc=0x000000000295582a sp=0x000000000263c128 mode 2
Event: 1.968 Thread 0x000000000227f000 Uncommon trap: trap_request=0xffffffde fr.pc=0x0000000002e1fb6c
Event: 1.968 Thread 0x000000000227f000 DEOPT PACKING pc=0x0000000002e1fb6c sp=0x000000000263c200
Event: 1.968 Thread 0x000000000227f000 DEOPT UNPACKING pc=0x000000000295582a sp=0x000000000263c128 mode 2
Event: 2.003 loading class java/util/AbstractList$1
Event: 2.003 loading class java/util/AbstractList$1 done


Dynamic libraries:
0x000000013f760000 - 0x000000013f797000 	C:\Program Files\Java\jdk1.8.0_144\bin\java.exe
0x00000000779a0000 - 0x0000000077b4a000 	C:\Windows\SYSTEM32\ntdll.dll
0x0000000077780000 - 0x000000007789f000 	C:\Windows\system32\kernel32.dll
0x000007fefd6f0000 - 0x000007fefd75a000 	C:\Windows\system32\KERNELBASE.dll
0x000007fefdeb0000 - 0x000007fefdf8b000 	C:\Windows\system32\ADVAPI32.dll
0x000007fefe870000 - 0x000007fefe90f000 	C:\Windows\system32\msvcrt.dll
0x000007fefdd00000 - 0x000007fefdd1f000 	C:\Windows\SYSTEM32\sechost.dll
0x000007feffab0000 - 0x000007feffbdd000 	C:\Windows\system32\RPCRT4.dll
0x00000000778a0000 - 0x000000007799a000 	C:\Windows\system32\USER32.dll
0x000007fefdc60000 - 0x000007fefdcc7000 	C:\Windows\system32\GDI32.dll
0x000007fefda50000 - 0x000007fefda5e000 	C:\Windows\system32\LPK.dll
0x000007feffbe0000 - 0x000007feffcab000 	C:\Windows\system32\USP10.dll
0x000007fefc090000 - 0x000007fefc284000 	C:\Windows\WinSxS\amd64_microsoft.windows.common-controls_6595b64144ccf1df_6.0.7601.18837_none_fa3b1e3d17594757\COMCTL32.dll
0x000007feff950000 - 0x000007feff9c1000 	C:\Windows\system32\SHLWAPI.dll
0x000007fefdcd0000 - 0x000007fefdcfe000 	C:\Windows\system32\IMM32.DLL
0x000007fefdda0000 - 0x000007fefdea9000 	C:\Windows\system32\MSCTF.dll
0x000000006dfc0000 - 0x000000006e092000 	C:\Program Files\Java\jdk1.8.0_144\jre\bin\msvcr100.dll
0x0000000068ec0000 - 0x000000006975d000 	C:\Program Files\Java\jdk1.8.0_144\jre\bin\server\jvm.dll
0x000007fef5aa0000 - 0x000007fef5aa9000 	C:\Windows\system32\WSOCK32.dll
0x000007feff900000 - 0x000007feff94d000 	C:\Windows\system32\WS2_32.dll
0x000007fefe590000 - 0x000007fefe598000 	C:\Windows\system32\NSI.dll
0x000007fefb6a0000 - 0x000007fefb6db000 	C:\Windows\system32\WINMM.dll
0x000007fefc750000 - 0x000007fefc75c000 	C:\Windows\system32\VERSION.dll
0x0000000077b60000 - 0x0000000077b67000 	C:\Windows\system32\PSAPI.DLL
0x0000000073a10000 - 0x0000000073a1f000 	C:\Program Files\Java\jdk1.8.0_144\jre\bin\verify.dll
0x0000000072a90000 - 0x0000000072ab9000 	C:\Program Files\Java\jdk1.8.0_144\jre\bin\java.dll
0x00000000726c0000 - 0x00000000726d6000 	C:\Program Files\Java\jdk1.8.0_144\jre\bin\zip.dll
0x000007fefeb50000 - 0x000007feff8db000 	C:\Windows\system32\SHELL32.dll
0x000007fefda60000 - 0x000007fefdc5c000 	C:\Windows\system32\ole32.dll
0x000007fefd6a0000 - 0x000007fefd6af000 	C:\Windows\system32\profapi.dll
0x000007fefd4d0000 - 0x000007fefd527000 	C:\Windows\system32\apphelp.dll
0x0000000071dd0000 - 0x0000000071dea000 	C:\Program Files\Java\jdk1.8.0_144\jre\bin\net.dll
0x000007fefce20000 - 0x000007fefce75000 	C:\Windows\system32\mswsock.dll
0x000007fefce10000 - 0x000007fefce17000 	C:\Windows\System32\wship6.dll
0x0000000071db0000 - 0x0000000071dc1000 	C:\Program Files\Java\jdk1.8.0_144\jre\bin\nio.dll

VM Arguments:
jvm_args: -Dclassworlds.conf=C:\Program Files\NetBeans 8.2\java\maven\bin\m2.conf -Dmaven.home=C:\Program Files\NetBeans 8.2\java\maven 
java_command: org.codehaus.plexus.classworlds.launcher.Launcher -DskipTests=true -Dmaven.ext.class.path=C:\Program Files\NetBeans 8.2\java\maven-nblib\netbeans-eventspy.jar -Dfile.encoding=UTF-8 clean install
java_class_path (initial): C:\Program Files\NetBeans 8.2\java\maven\boot\plexus-classworlds-2.4.jar
Launcher Type: SUN_STANDARD

Environment Variables:
JAVA_HOME=C:\Program Files\Java\jdk1.8.0_144
PATH=C:\ProgramData\Oracle\Java\javapath;C:\Windows\system32;C:\Windows;C:\Windows\System32\Wbem;C:\Windows\System32\WindowsPowerShell\v1.0\;C:\Program Files\Git\cmd;C:\Program Files\nodejs\
USERNAME=aa.yepes
OS=Windows_NT
PROCESSOR_IDENTIFIER=Intel64 Family 6 Model 26 Stepping 4, GenuineIntel



---------------  S Y S T E M  ---------------

OS: Windows 7 , 64 bit Build 7601 (6.1.7601.23807)

CPU:total 8 (initial active 8) (4 cores per cpu, 1 threads per core) family 6 model 26 stepping 4, cmov, cx8, fxsr, mmx, sse, sse2, sse3, ssse3, sse4.1, sse4.2, popcnt, tsc, tscinvbit, tscinv

Memory: 4k page, physical 16776628k(758152k free), swap 67104652k(5128k free)

vm_info: Java HotSpot(TM) 64-Bit Server VM (25.144-b01) for windows-amd64 JRE (1.8.0_144-b01), built on Jul 21 2017 21:57:33 by "java_re" with MS VC++ 10.0 (VS2010)

time: Thu Nov 23 23:36:35 2017
elapsed time: 2 seconds (0d 0h 0m 2s)

